ERROR - 2024-04-08 17:12:20 --> Error connecting to the database: mysqli_sql_exception: Access denied for user 'root'@'localhost' (using password: YES) in C:\laragon\www\App_transports\system\Database\MySQLi\Connection.php:185
Stack trace:
#0 C:\laragon\www\App_transports\system\Database\MySQLi\Connection.php(185): mysqli->real_connect('localhost', 'root', 'root', 'transporte', 3306, '', 0)
#1 C:\laragon\www\App_transports\system\Database\BaseConnection.php(392): CodeIgniter\Database\MySQLi\Connection->connect(false)
#2 C:\laragon\www\App_transports\system\Database\BaseConnection.php(575): CodeIgniter\Database\BaseConnection->initialize()
#3 C:\laragon\www\App_transports\app\Models\login\loginModel.php(11): CodeIgniter\Database\BaseConnection->query('SELECT * FROM u...', Array)
#4 C:\laragon\www\App_transports\app\Controllers\login\login.php(44): App\Models\login\loginModel->get_data_user('angela')
#5 C:\laragon\www\App_transports\system\CodeIgniter.php(943): App\Controllers\login\login->login()
#6 C:\laragon\www\App_transports\system\CodeIgniter.php(503): CodeIgniter\CodeIgniter->runController(Object(App\Controllers\login\login))
#7 C:\laragon\www\App_transports\system\CodeIgniter.php(361): CodeIgniter\CodeIgniter->handleRequest(NULL, Object(Config\Cache), false)
#8 C:\laragon\www\App_transports\public\index.php(79): CodeIgniter\CodeIgniter->run()
#9 {main}

Next CodeIgniter\Database\Exceptions\DatabaseException: Access denied for user '****'@'localhost' (using password: YES) in C:\laragon\www\App_transports\system\Database\MySQLi\Connection.php:229
Stack trace:
#0 C:\laragon\www\App_transports\system\Database\BaseConnection.php(392): CodeIgniter\Database\MySQLi\Connection->connect(false)
#1 C:\laragon\www\App_transports\system\Database\BaseConnection.php(575): CodeIgniter\Database\BaseConnection->initialize()
#2 C:\laragon\www\App_transports\app\Models\login\loginModel.php(11): CodeIgniter\Database\BaseConnection->query('SELECT * FROM u...', Array)
#3 C:\laragon\www\App_transports\app\Controllers\login\login.php(44): App\Models\login\loginModel->get_data_user('angela')
#4 C:\laragon\www\App_transports\system\CodeIgniter.php(943): App\Controllers\login\login->login()
#5 C:\laragon\www\App_transports\system\CodeIgniter.php(503): CodeIgniter\CodeIgniter->runController(Object(App\Controllers\login\login))
#6 C:\laragon\www\App_transports\system\CodeIgniter.php(361): CodeIgniter\CodeIgniter->handleRequest(NULL, Object(Config\Cache), false)
#7 C:\laragon\www\App_transports\public\index.php(79): CodeIgniter\CodeIgniter->run()
#8 {main}
CRITICAL - 2024-04-08 17:12:20 --> CodeIgniter\Database\Exceptions\DatabaseException: Unable to connect to the database.
Main connection [MySQLi]: Access denied for user '****'@'localhost' (using password: YES)
in SYSTEMPATH\Database\BaseConnection.php on line 428.
 1 SYSTEMPATH\Database\BaseConnection.php(575): CodeIgniter\Database\BaseConnection->initialize()
 2 APPPATH\Models\login\loginModel.php(11): CodeIgniter\Database\BaseConnection->query('SELECT * FROM usuarios a WHERE a.usuario = ?', [...])
 3 APPPATH\Controllers\login\login.php(44): App\Models\login\loginModel->get_data_user('angela')
 4 SYSTEMPATH\CodeIgniter.php(943): App\Controllers\login\login->login()
 5 SYSTEMPATH\CodeIgniter.php(503): CodeIgniter\CodeIgniter->runController(Object(App\Controllers\login\login))
 6 SYSTEMPATH\CodeIgniter.php(361): CodeIgniter\CodeIgniter->handleRequest(null, Object(Config\Cache), false)
 7 FCPATH\index.php(79): CodeIgniter\CodeIgniter->run()
ERROR - 2024-04-08 17:12:50 --> Error connecting to the database: mysqli_sql_exception: Access denied for user 'root'@'localhost' (using password: YES) in C:\laragon\www\App_transports\system\Database\MySQLi\Connection.php:185
Stack trace:
#0 C:\laragon\www\App_transports\system\Database\MySQLi\Connection.php(185): mysqli->real_connect('localhost', 'root', 'root', 'transporte', 3306, '', 0)
#1 C:\laragon\www\App_transports\system\Database\BaseConnection.php(392): CodeIgniter\Database\MySQLi\Connection->connect(false)
#2 C:\laragon\www\App_transports\system\Database\BaseConnection.php(575): CodeIgniter\Database\BaseConnection->initialize()
#3 C:\laragon\www\App_transports\app\Models\login\loginModel.php(11): CodeIgniter\Database\BaseConnection->query('SELECT * FROM u...', Array)
#4 C:\laragon\www\App_transports\app\Controllers\login\login.php(44): App\Models\login\loginModel->get_data_user('angela')
#5 C:\laragon\www\App_transports\system\CodeIgniter.php(943): App\Controllers\login\login->login()
#6 C:\laragon\www\App_transports\system\CodeIgniter.php(503): CodeIgniter\CodeIgniter->runController(Object(App\Controllers\login\login))
#7 C:\laragon\www\App_transports\system\CodeIgniter.php(361): CodeIgniter\CodeIgniter->handleRequest(NULL, Object(Config\Cache), false)
#8 C:\laragon\www\App_transports\public\index.php(79): CodeIgniter\CodeIgniter->run()
#9 {main}

Next CodeIgniter\Database\Exceptions\DatabaseException: Access denied for user '****'@'localhost' (using password: YES) in C:\laragon\www\App_transports\system\Database\MySQLi\Connection.php:229
Stack trace:
#0 C:\laragon\www\App_transports\system\Database\BaseConnection.php(392): CodeIgniter\Database\MySQLi\Connection->connect(false)
#1 C:\laragon\www\App_transports\system\Database\BaseConnection.php(575): CodeIgniter\Database\BaseConnection->initialize()
#2 C:\laragon\www\App_transports\app\Models\login\loginModel.php(11): CodeIgniter\Database\BaseConnection->query('SELECT * FROM u...', Array)
#3 C:\laragon\www\App_transports\app\Controllers\login\login.php(44): App\Models\login\loginModel->get_data_user('angela')
#4 C:\laragon\www\App_transports\system\CodeIgniter.php(943): App\Controllers\login\login->login()
#5 C:\laragon\www\App_transports\system\CodeIgniter.php(503): CodeIgniter\CodeIgniter->runController(Object(App\Controllers\login\login))
#6 C:\laragon\www\App_transports\system\CodeIgniter.php(361): CodeIgniter\CodeIgniter->handleRequest(NULL, Object(Config\Cache), false)
#7 C:\laragon\www\App_transports\public\index.php(79): CodeIgniter\CodeIgniter->run()
#8 {main}
CRITICAL - 2024-04-08 17:12:50 --> CodeIgniter\Database\Exceptions\DatabaseException: Unable to connect to the database.
Main connection [MySQLi]: Access denied for user '****'@'localhost' (using password: YES)
in SYSTEMPATH\Database\BaseConnection.php on line 428.
 1 SYSTEMPATH\Database\BaseConnection.php(575): CodeIgniter\Database\BaseConnection->initialize()
 2 APPPATH\Models\login\loginModel.php(11): CodeIgniter\Database\BaseConnection->query('SELECT * FROM usuarios a WHERE a.usuario = ?', [...])
 3 APPPATH\Controllers\login\login.php(44): App\Models\login\loginModel->get_data_user('angela')
 4 SYSTEMPATH\CodeIgniter.php(943): App\Controllers\login\login->login()
 5 SYSTEMPATH\CodeIgniter.php(503): CodeIgniter\CodeIgniter->runController(Object(App\Controllers\login\login))
 6 SYSTEMPATH\CodeIgniter.php(361): CodeIgniter\CodeIgniter->handleRequest(null, Object(Config\Cache), false)
 7 FCPATH\index.php(79): CodeIgniter\CodeIgniter->run()
ERROR - 2024-04-08 17:13:02 --> Error connecting to the database: mysqli_sql_exception: Access denied for user 'root'@'localhost' (using password: YES) in C:\laragon\www\App_transports\system\Database\MySQLi\Connection.php:185
Stack trace:
#0 C:\laragon\www\App_transports\system\Database\MySQLi\Connection.php(185): mysqli->real_connect('localhost', 'root', 'root', 'transporte', 3306, '', 0)
#1 C:\laragon\www\App_transports\system\Database\BaseConnection.php(392): CodeIgniter\Database\MySQLi\Connection->connect(false)
#2 C:\laragon\www\App_transports\system\Database\BaseConnection.php(575): CodeIgniter\Database\BaseConnection->initialize()
#3 C:\laragon\www\App_transports\app\Models\login\loginModel.php(11): CodeIgniter\Database\BaseConnection->query('SELECT * FROM u...', Array)
#4 C:\laragon\www\App_transports\app\Controllers\login\login.php(44): App\Models\login\loginModel->get_data_user('angela')
#5 C:\laragon\www\App_transports\system\CodeIgniter.php(943): App\Controllers\login\login->login()
#6 C:\laragon\www\App_transports\system\CodeIgniter.php(503): CodeIgniter\CodeIgniter->runController(Object(App\Controllers\login\login))
#7 C:\laragon\www\App_transports\system\CodeIgniter.php(361): CodeIgniter\CodeIgniter->handleRequest(NULL, Object(Config\Cache), false)
#8 C:\laragon\www\App_transports\public\index.php(79): CodeIgniter\CodeIgniter->run()
#9 {main}

Next CodeIgniter\Database\Exceptions\DatabaseException: Access denied for user '****'@'localhost' (using password: YES) in C:\laragon\www\App_transports\system\Database\MySQLi\Connection.php:229
Stack trace:
#0 C:\laragon\www\App_transports\system\Database\BaseConnection.php(392): CodeIgniter\Database\MySQLi\Connection->connect(false)
#1 C:\laragon\www\App_transports\system\Database\BaseConnection.php(575): CodeIgniter\Database\BaseConnection->initialize()
#2 C:\laragon\www\App_transports\app\Models\login\loginModel.php(11): CodeIgniter\Database\BaseConnection->query('SELECT * FROM u...', Array)
#3 C:\laragon\www\App_transports\app\Controllers\login\login.php(44): App\Models\login\loginModel->get_data_user('angela')
#4 C:\laragon\www\App_transports\system\CodeIgniter.php(943): App\Controllers\login\login->login()
#5 C:\laragon\www\App_transports\system\CodeIgniter.php(503): CodeIgniter\CodeIgniter->runController(Object(App\Controllers\login\login))
#6 C:\laragon\www\App_transports\system\CodeIgniter.php(361): CodeIgniter\CodeIgniter->handleRequest(NULL, Object(Config\Cache), false)
#7 C:\laragon\www\App_transports\public\index.php(79): CodeIgniter\CodeIgniter->run()
#8 {main}
CRITICAL - 2024-04-08 17:13:02 --> CodeIgniter\Database\Exceptions\DatabaseException: Unable to connect to the database.
Main connection [MySQLi]: Access denied for user '****'@'localhost' (using password: YES)
in SYSTEMPATH\Database\BaseConnection.php on line 428.
 1 SYSTEMPATH\Database\BaseConnection.php(575): CodeIgniter\Database\BaseConnection->initialize()
 2 APPPATH\Models\login\loginModel.php(11): CodeIgniter\Database\BaseConnection->query('SELECT * FROM usuarios a WHERE a.usuario = ?', [...])
 3 APPPATH\Controllers\login\login.php(44): App\Models\login\loginModel->get_data_user('angela')
 4 SYSTEMPATH\CodeIgniter.php(943): App\Controllers\login\login->login()
 5 SYSTEMPATH\CodeIgniter.php(503): CodeIgniter\CodeIgniter->runController(Object(App\Controllers\login\login))
 6 SYSTEMPATH\CodeIgniter.php(361): CodeIgniter\CodeIgniter->handleRequest(null, Object(Config\Cache), false)
 7 FCPATH\index.php(79): CodeIgniter\CodeIgniter->run()
CRITICAL - 2024-04-08 17:14:07 --> ErrorException: Undefined array key "password"
in APPPATH\Controllers\login\login.php on line 53.
 1 APPPATH\Controllers\login\login.php(53): CodeIgniter\Debug\Exceptions->errorHandler(2, 'Undefined array key "password"', 'C:\\laragon\\www\\App_transports\\app\\Controllers\\login\\login.php', 53)
 2 SYSTEMPATH\CodeIgniter.php(943): App\Controllers\login\login->login()
 3 SYSTEMPATH\CodeIgniter.php(503): CodeIgniter\CodeIgniter->runController(Object(App\Controllers\login\login))
 4 SYSTEMPATH\CodeIgniter.php(361): CodeIgniter\CodeIgniter->handleRequest(null, Object(Config\Cache), false)
 5 FCPATH\index.php(79): CodeIgniter\CodeIgniter->run()
CRITICAL - 2024-04-08 17:14:31 --> ErrorException: Undefined array key "password"
in APPPATH\Controllers\login\login.php on line 53.
 1 APPPATH\Controllers\login\login.php(53): CodeIgniter\Debug\Exceptions->errorHandler(2, 'Undefined array key "password"', 'C:\\laragon\\www\\App_transports\\app\\Controllers\\login\\login.php', 53)
 2 SYSTEMPATH\CodeIgniter.php(943): App\Controllers\login\login->login()
 3 SYSTEMPATH\CodeIgniter.php(503): CodeIgniter\CodeIgniter->runController(Object(App\Controllers\login\login))
 4 SYSTEMPATH\CodeIgniter.php(361): CodeIgniter\CodeIgniter->handleRequest(null, Object(Config\Cache), false)
 5 FCPATH\index.php(79): CodeIgniter\CodeIgniter->run()
CRITICAL - 2024-04-08 17:14:57 --> ErrorException: Undefined array key "password"
in APPPATH\Controllers\login\login.php on line 53.
 1 APPPATH\Controllers\login\login.php(53): CodeIgniter\Debug\Exceptions->errorHandler(2, 'Undefined array key "password"', 'C:\\laragon\\www\\App_transports\\app\\Controllers\\login\\login.php', 53)
 2 SYSTEMPATH\CodeIgniter.php(943): App\Controllers\login\login->login()
 3 SYSTEMPATH\CodeIgniter.php(503): CodeIgniter\CodeIgniter->runController(Object(App\Controllers\login\login))
 4 SYSTEMPATH\CodeIgniter.php(361): CodeIgniter\CodeIgniter->handleRequest(null, Object(Config\Cache), false)
 5 FCPATH\index.php(79): CodeIgniter\CodeIgniter->run()
CRITICAL - 2024-04-08 17:15:18 --> ErrorException: Undefined array key "password"
in APPPATH\Controllers\login\login.php on line 52.
 1 APPPATH\Controllers\login\login.php(52): CodeIgniter\Debug\Exceptions->errorHandler(2, 'Undefined array key "password"', 'C:\\laragon\\www\\App_transports\\app\\Controllers\\login\\login.php', 52)
 2 SYSTEMPATH\CodeIgniter.php(943): App\Controllers\login\login->login()
 3 SYSTEMPATH\CodeIgniter.php(503): CodeIgniter\CodeIgniter->runController(Object(App\Controllers\login\login))
 4 SYSTEMPATH\CodeIgniter.php(361): CodeIgniter\CodeIgniter->handleRequest(null, Object(Config\Cache), false)
 5 FCPATH\index.php(79): CodeIgniter\CodeIgniter->run()
CRITICAL - 2024-04-08 17:15:25 --> ErrorException: Undefined array key "password"
in APPPATH\Controllers\login\login.php on line 52.
 1 APPPATH\Controllers\login\login.php(52): CodeIgniter\Debug\Exceptions->errorHandler(2, 'Undefined array key "password"', 'C:\\laragon\\www\\App_transports\\app\\Controllers\\login\\login.php', 52)
 2 SYSTEMPATH\CodeIgniter.php(943): App\Controllers\login\login->login()
 3 SYSTEMPATH\CodeIgniter.php(503): CodeIgniter\CodeIgniter->runController(Object(App\Controllers\login\login))
 4 SYSTEMPATH\CodeIgniter.php(361): CodeIgniter\CodeIgniter->handleRequest(null, Object(Config\Cache), false)
 5 FCPATH\index.php(79): CodeIgniter\CodeIgniter->run()
CRITICAL - 2024-04-08 17:31:14 --> CodeIgniter\Filters\Exceptions\FilterException: "auth" filter must have a matching alias defined.
in SYSTEMPATH\Filters\Filters.php on line 355.
 1 SYSTEMPATH\Filters\Filters.php(355): CodeIgniter\Filters\Exceptions\FilterException::forNoAlias('auth')
 2 SYSTEMPATH\CodeIgniter.php(468): CodeIgniter\Filters\Filters->enableFilter('auth', 'before')
 3 SYSTEMPATH\CodeIgniter.php(361): CodeIgniter\CodeIgniter->handleRequest(null, Object(Config\Cache), false)
 4 FCPATH\index.php(79): CodeIgniter\CodeIgniter->run()
CRITICAL - 2024-04-08 19:02:54 --> CodeIgniter\Filters\Exceptions\FilterException: "auth" filter must have a matching alias defined.
in SYSTEMPATH\Filters\Filters.php on line 355.
 1 SYSTEMPATH\Filters\Filters.php(355): CodeIgniter\Filters\Exceptions\FilterException::forNoAlias('auth')
 2 SYSTEMPATH\CodeIgniter.php(468): CodeIgniter\Filters\Filters->enableFilter('auth', 'before')
 3 SYSTEMPATH\CodeIgniter.php(361): CodeIgniter\CodeIgniter->handleRequest(null, Object(Config\Cache), false)
 4 FCPATH\index.php(79): CodeIgniter\CodeIgniter->run()
CRITICAL - 2024-04-08 19:03:13 --> CodeIgniter\Filters\Exceptions\FilterException: "auth" filter must have a matching alias defined.
in SYSTEMPATH\Filters\Filters.php on line 355.
 1 SYSTEMPATH\Filters\Filters.php(355): CodeIgniter\Filters\Exceptions\FilterException::forNoAlias('auth')
 2 SYSTEMPATH\CodeIgniter.php(468): CodeIgniter\Filters\Filters->enableFilter('auth', 'before')
 3 SYSTEMPATH\CodeIgniter.php(361): CodeIgniter\CodeIgniter->handleRequest(null, Object(Config\Cache), false)
 4 FCPATH\index.php(79): CodeIgniter\CodeIgniter->run()
CRITICAL - 2024-04-08 19:03:31 --> CodeIgniter\Filters\Exceptions\FilterException: "auth" filter must have a matching alias defined.
in SYSTEMPATH\Filters\Filters.php on line 355.
 1 SYSTEMPATH\Filters\Filters.php(355): CodeIgniter\Filters\Exceptions\FilterException::forNoAlias('auth')
 2 SYSTEMPATH\CodeIgniter.php(468): CodeIgniter\Filters\Filters->enableFilter('auth', 'before')
 3 SYSTEMPATH\CodeIgniter.php(361): CodeIgniter\CodeIgniter->handleRequest(null, Object(Config\Cache), false)
 4 FCPATH\index.php(79): CodeIgniter\CodeIgniter->run()
CRITICAL - 2024-04-08 19:07:58 --> CodeIgniter\Filters\Exceptions\FilterException: "auth" filter must have a matching alias defined.
in SYSTEMPATH\Filters\Filters.php on line 355.
 1 SYSTEMPATH\Filters\Filters.php(355): CodeIgniter\Filters\Exceptions\FilterException::forNoAlias('auth')
 2 SYSTEMPATH\CodeIgniter.php(468): CodeIgniter\Filters\Filters->enableFilter('auth', 'before')
 3 SYSTEMPATH\CodeIgniter.php(361): CodeIgniter\CodeIgniter->handleRequest(null, Object(Config\Cache), false)
 4 FCPATH\index.php(79): CodeIgniter\CodeIgniter->run()
