CRITICAL - 2024-04-04 01:56:20 --> ErrorException: Undefined array key "password"
in APPPATH\Controllers\login\login.php on line 52.
 1 APPPATH\Controllers\login\login.php(52): CodeIgniter\Debug\Exceptions->errorHandler(2, 'Undefined array key "password"', 'C:\\laragon\\www\\App_transports\\app\\Controllers\\login\\login.php', 52)
 2 SYSTEMPATH\CodeIgniter.php(943): App\Controllers\login\login->login()
 3 SYSTEMPATH\CodeIgniter.php(503): CodeIgniter\CodeIgniter->runController(Object(App\Controllers\login\login))
 4 SYSTEMPATH\CodeIgniter.php(361): CodeIgniter\CodeIgniter->handleRequest(null, Object(Config\Cache), false)
 5 FCPATH\index.php(79): CodeIgniter\CodeIgniter->run()
CRITICAL - 2024-04-04 01:56:24 --> ErrorException: Undefined array key "password"
in APPPATH\Controllers\login\login.php on line 52.
 1 APPPATH\Controllers\login\login.php(52): CodeIgniter\Debug\Exceptions->errorHandler(2, 'Undefined array key "password"', 'C:\\laragon\\www\\App_transports\\app\\Controllers\\login\\login.php', 52)
 2 SYSTEMPATH\CodeIgniter.php(943): App\Controllers\login\login->login()
 3 SYSTEMPATH\CodeIgniter.php(503): CodeIgniter\CodeIgniter->runController(Object(App\Controllers\login\login))
 4 SYSTEMPATH\CodeIgniter.php(361): CodeIgniter\CodeIgniter->handleRequest(null, Object(Config\Cache), false)
 5 FCPATH\index.php(79): CodeIgniter\CodeIgniter->run()
CRITICAL - 2024-04-04 01:56:42 --> ErrorException: Undefined array key "password"
in APPPATH\Controllers\login\login.php on line 52.
 1 APPPATH\Controllers\login\login.php(52): CodeIgniter\Debug\Exceptions->errorHandler(2, 'Undefined array key "password"', 'C:\\laragon\\www\\App_transports\\app\\Controllers\\login\\login.php', 52)
 2 SYSTEMPATH\CodeIgniter.php(943): App\Controllers\login\login->login()
 3 SYSTEMPATH\CodeIgniter.php(503): CodeIgniter\CodeIgniter->runController(Object(App\Controllers\login\login))
 4 SYSTEMPATH\CodeIgniter.php(361): CodeIgniter\CodeIgniter->handleRequest(null, Object(Config\Cache), false)
 5 FCPATH\index.php(79): CodeIgniter\CodeIgniter->run()
CRITICAL - 2024-04-04 01:56:54 --> ErrorException: Undefined array key "password"
in APPPATH\Controllers\login\login.php on line 52.
 1 APPPATH\Controllers\login\login.php(52): CodeIgniter\Debug\Exceptions->errorHandler(2, 'Undefined array key "password"', 'C:\\laragon\\www\\App_transports\\app\\Controllers\\login\\login.php', 52)
 2 SYSTEMPATH\CodeIgniter.php(943): App\Controllers\login\login->login()
 3 SYSTEMPATH\CodeIgniter.php(503): CodeIgniter\CodeIgniter->runController(Object(App\Controllers\login\login))
 4 SYSTEMPATH\CodeIgniter.php(361): CodeIgniter\CodeIgniter->handleRequest(null, Object(Config\Cache), false)
 5 FCPATH\index.php(79): CodeIgniter\CodeIgniter->run()
CRITICAL - 2024-04-04 01:57:15 --> ErrorException: Undefined array key "password"
in APPPATH\Controllers\login\login.php on line 52.
 1 APPPATH\Controllers\login\login.php(52): CodeIgniter\Debug\Exceptions->errorHandler(2, 'Undefined array key "password"', 'C:\\laragon\\www\\App_transports\\app\\Controllers\\login\\login.php', 52)
 2 SYSTEMPATH\CodeIgniter.php(943): App\Controllers\login\login->login()
 3 SYSTEMPATH\CodeIgniter.php(503): CodeIgniter\CodeIgniter->runController(Object(App\Controllers\login\login))
 4 SYSTEMPATH\CodeIgniter.php(361): CodeIgniter\CodeIgniter->handleRequest(null, Object(Config\Cache), false)
 5 FCPATH\index.php(79): CodeIgniter\CodeIgniter->run()
CRITICAL - 2024-04-04 01:57:49 --> ErrorException: Undefined array key "password"
in APPPATH\Controllers\login\login.php on line 52.
 1 APPPATH\Controllers\login\login.php(52): CodeIgniter\Debug\Exceptions->errorHandler(2, 'Undefined array key "password"', 'C:\\laragon\\www\\App_transports\\app\\Controllers\\login\\login.php', 52)
 2 SYSTEMPATH\CodeIgniter.php(943): App\Controllers\login\login->login()
 3 SYSTEMPATH\CodeIgniter.php(503): CodeIgniter\CodeIgniter->runController(Object(App\Controllers\login\login))
 4 SYSTEMPATH\CodeIgniter.php(361): CodeIgniter\CodeIgniter->handleRequest(null, Object(Config\Cache), false)
 5 FCPATH\index.php(79): CodeIgniter\CodeIgniter->run()
