CRITICAL - 2024-04-14 01:27:30 --> ErrorException: Undefined variable $content
in APPPATH\Views\welcome_message.php on line 373.
 1 APPPATH\Views\welcome_message.php(373): CodeIgniter\Debug\Exceptions->errorHandler(2, 'Undefined variable $content', 'C:\\laragon\\www\\App_transports\\app\\Views\\welcome_message.php', 373)
 2 SYSTEMPATH\View\View.php(228): include('C:\\laragon\\www\\App_transports\\app\\Views\\welcome_message.php')
 3 SYSTEMPATH\View\View.php(231): CodeIgniter\View\View->CodeIgniter\View\{closure}()
 4 SYSTEMPATH\Common.php(1178): CodeIgniter\View\View->render('welcome_message', [], true)
 5 APPPATH\Controllers\Home\Home.php(11): view('welcome_message')
 6 SYSTEMPATH\CodeIgniter.php(943): App\Controllers\Home\Home->index()
 7 SYSTEMPATH\CodeIgniter.php(503): CodeIgniter\CodeIgniter->runController(Object(App\Controllers\Home\Home))
 8 SYSTEMPATH\CodeIgniter.php(361): CodeIgniter\CodeIgniter->handleRequest(null, Object(Config\Cache), false)
 9 FCPATH\index.php(79): CodeIgniter\CodeIgniter->run()
CRITICAL - 2024-04-14 01:28:09 --> ErrorException: Undefined variable $content
in APPPATH\Views\welcome_message.php on line 373.
 1 APPPATH\Views\welcome_message.php(373): CodeIgniter\Debug\Exceptions->errorHandler(2, 'Undefined variable $content', 'C:\\laragon\\www\\App_transports\\app\\Views\\welcome_message.php', 373)
 2 SYSTEMPATH\View\View.php(228): include('C:\\laragon\\www\\App_transports\\app\\Views\\welcome_message.php')
 3 SYSTEMPATH\View\View.php(231): CodeIgniter\View\View->CodeIgniter\View\{closure}()
 4 SYSTEMPATH\Common.php(1178): CodeIgniter\View\View->render('welcome_message', [], true)
 5 APPPATH\Controllers\Home\Home.php(11): view('welcome_message')
 6 SYSTEMPATH\CodeIgniter.php(943): App\Controllers\Home\Home->index()
 7 SYSTEMPATH\CodeIgniter.php(503): CodeIgniter\CodeIgniter->runController(Object(App\Controllers\Home\Home))
 8 SYSTEMPATH\CodeIgniter.php(361): CodeIgniter\CodeIgniter->handleRequest(null, Object(Config\Cache), false)
 9 FCPATH\index.php(79): CodeIgniter\CodeIgniter->run()
CRITICAL - 2024-04-14 01:32:24 --> ParseError: syntax error, unexpected end of file, expecting "elseif" or "else" or "endif"
in APPPATH\Views\welcome_message.php on line 442.
 1 SYSTEMPATH\View\View.php(231): CodeIgniter\View\View->CodeIgniter\View\{closure}()
 2 SYSTEMPATH\Common.php(1178): CodeIgniter\View\View->render('welcome_message', [], true)
 3 APPPATH\Controllers\Home\Home.php(11): view('welcome_message')
 4 SYSTEMPATH\CodeIgniter.php(943): App\Controllers\Home\Home->index()
 5 SYSTEMPATH\CodeIgniter.php(503): CodeIgniter\CodeIgniter->runController(Object(App\Controllers\Home\Home))
 6 SYSTEMPATH\CodeIgniter.php(361): CodeIgniter\CodeIgniter->handleRequest(null, Object(Config\Cache), false)
 7 FCPATH\index.php(79): CodeIgniter\CodeIgniter->run()
CRITICAL - 2024-04-14 03:04:00 --> CodeIgniter\View\Exceptions\ViewException: Invalid file: "layout.php"
in SYSTEMPATH\Exceptions\FrameworkException.php on line 39.
 1 SYSTEMPATH\View\View.php(216): CodeIgniter\Exceptions\FrameworkException::forInvalidFile('layout.php')
 2 SYSTEMPATH\View\View.php(244): CodeIgniter\View\View->render('layout', [], true)
 3 SYSTEMPATH\Common.php(1178): CodeIgniter\View\View->render('welcome_message', [], true)
 4 APPPATH\Controllers\Home\Home.php(11): view('welcome_message')
 5 SYSTEMPATH\CodeIgniter.php(943): App\Controllers\Home\Home->index()
 6 SYSTEMPATH\CodeIgniter.php(503): CodeIgniter\CodeIgniter->runController(Object(App\Controllers\Home\Home))
 7 SYSTEMPATH\CodeIgniter.php(361): CodeIgniter\CodeIgniter->handleRequest(null, Object(Config\Cache), false)
 8 FCPATH\index.php(79): CodeIgniter\CodeIgniter->run()
CRITICAL - 2024-04-14 03:13:00 --> CodeIgniter\View\Exceptions\ViewException: Invalid file: "layout/main.php"
in SYSTEMPATH\Exceptions\FrameworkException.php on line 39.
 1 SYSTEMPATH\View\View.php(216): CodeIgniter\Exceptions\FrameworkException::forInvalidFile('layout/main.php')
 2 SYSTEMPATH\Common.php(1178): CodeIgniter\View\View->render('layout/main', [], true)
 3 APPPATH\Controllers\Home\Home.php(19): view('layout/main', [...])
 4 SYSTEMPATH\CodeIgniter.php(943): App\Controllers\Home\Home->index()
 5 SYSTEMPATH\CodeIgniter.php(503): CodeIgniter\CodeIgniter->runController(Object(App\Controllers\Home\Home))
 6 SYSTEMPATH\CodeIgniter.php(361): CodeIgniter\CodeIgniter->handleRequest(null, Object(Config\Cache), false)
 7 FCPATH\index.php(79): CodeIgniter\CodeIgniter->run()
CRITICAL - 2024-04-14 03:13:28 --> CodeIgniter\View\Exceptions\ViewException: Invalid file: "layout/main.php"
in SYSTEMPATH\Exceptions\FrameworkException.php on line 39.
 1 SYSTEMPATH\View\View.php(216): CodeIgniter\Exceptions\FrameworkException::forInvalidFile('layout/main.php')
 2 SYSTEMPATH\Common.php(1178): CodeIgniter\View\View->render('layout/main', [], true)
 3 APPPATH\Controllers\Home\Home.php(19): view('layout/main', [...])
 4 SYSTEMPATH\CodeIgniter.php(943): App\Controllers\Home\Home->index()
 5 SYSTEMPATH\CodeIgniter.php(503): CodeIgniter\CodeIgniter->runController(Object(App\Controllers\Home\Home))
 6 SYSTEMPATH\CodeIgniter.php(361): CodeIgniter\CodeIgniter->handleRequest(null, Object(Config\Cache), false)
 7 FCPATH\index.php(79): CodeIgniter\CodeIgniter->run()
CRITICAL - 2024-04-14 03:13:43 --> CodeIgniter\View\Exceptions\ViewException: Invalid file: "layout/main.php"
in SYSTEMPATH\Exceptions\FrameworkException.php on line 39.
 1 SYSTEMPATH\View\View.php(216): CodeIgniter\Exceptions\FrameworkException::forInvalidFile('layout/main.php')
 2 SYSTEMPATH\Common.php(1178): CodeIgniter\View\View->render('layout/main', [], true)
 3 APPPATH\Controllers\Home\Home.php(19): view('layout/main', [...])
 4 SYSTEMPATH\CodeIgniter.php(943): App\Controllers\Home\Home->index()
 5 SYSTEMPATH\CodeIgniter.php(503): CodeIgniter\CodeIgniter->runController(Object(App\Controllers\Home\Home))
 6 SYSTEMPATH\CodeIgniter.php(361): CodeIgniter\CodeIgniter->handleRequest(null, Object(Config\Cache), false)
 7 FCPATH\index.php(79): CodeIgniter\CodeIgniter->run()
CRITICAL - 2024-04-14 03:14:55 --> CodeIgniter\View\Exceptions\ViewException: Invalid file: "layout/main.php"
in SYSTEMPATH\Exceptions\FrameworkException.php on line 39.
 1 SYSTEMPATH\View\View.php(216): CodeIgniter\Exceptions\FrameworkException::forInvalidFile('layout/main.php')
 2 SYSTEMPATH\Common.php(1178): CodeIgniter\View\View->render('layout/main', [], true)
 3 APPPATH\Controllers\Home\Home.php(19): view('layout/main', [...])
 4 SYSTEMPATH\CodeIgniter.php(943): App\Controllers\Home\Home->index()
 5 SYSTEMPATH\CodeIgniter.php(503): CodeIgniter\CodeIgniter->runController(Object(App\Controllers\Home\Home))
 6 SYSTEMPATH\CodeIgniter.php(361): CodeIgniter\CodeIgniter->handleRequest(null, Object(Config\Cache), false)
 7 FCPATH\index.php(79): CodeIgniter\CodeIgniter->run()
CRITICAL - 2024-04-14 03:15:30 --> CodeIgniter\View\Exceptions\ViewException: Invalid file: "layout/main.php"
in SYSTEMPATH\Exceptions\FrameworkException.php on line 39.
 1 SYSTEMPATH\View\View.php(216): CodeIgniter\Exceptions\FrameworkException::forInvalidFile('layout/main.php')
 2 SYSTEMPATH\Common.php(1178): CodeIgniter\View\View->render('layout/main', [], true)
 3 APPPATH\Controllers\Home\Home.php(19): view('layout/main', [...])
 4 SYSTEMPATH\CodeIgniter.php(943): App\Controllers\Home\Home->index()
 5 SYSTEMPATH\CodeIgniter.php(503): CodeIgniter\CodeIgniter->runController(Object(App\Controllers\Home\Home))
 6 SYSTEMPATH\CodeIgniter.php(361): CodeIgniter\CodeIgniter->handleRequest(null, Object(Config\Cache), false)
 7 FCPATH\index.php(79): CodeIgniter\CodeIgniter->run()
CRITICAL - 2024-04-14 22:25:12 --> ErrorException: Undefined array key "id"
in APPPATH\Controllers\Home\Home.php on line 61.
 1 APPPATH\Controllers\Home\Home.php(61): CodeIgniter\Debug\Exceptions->errorHandler(2, 'Undefined array key "id"', 'C:\\laragon\\www\\App_transports\\app\\Controllers\\Home\\Home.php', 61)
 2 SYSTEMPATH\CodeIgniter.php(943): App\Controllers\Home\Home->guardar_data_vehiculo()
 3 SYSTEMPATH\CodeIgniter.php(503): CodeIgniter\CodeIgniter->runController(Object(App\Controllers\Home\Home))
 4 SYSTEMPATH\CodeIgniter.php(361): CodeIgniter\CodeIgniter->handleRequest(null, Object(Config\Cache), false)
 5 FCPATH\index.php(79): CodeIgniter\CodeIgniter->run()
CRITICAL - 2024-04-14 22:25:23 --> ErrorException: Undefined array key "id"
in APPPATH\Controllers\Home\Home.php on line 61.
 1 APPPATH\Controllers\Home\Home.php(61): CodeIgniter\Debug\Exceptions->errorHandler(2, 'Undefined array key "id"', 'C:\\laragon\\www\\App_transports\\app\\Controllers\\Home\\Home.php', 61)
 2 SYSTEMPATH\CodeIgniter.php(943): App\Controllers\Home\Home->guardar_data_vehiculo()
 3 SYSTEMPATH\CodeIgniter.php(503): CodeIgniter\CodeIgniter->runController(Object(App\Controllers\Home\Home))
 4 SYSTEMPATH\CodeIgniter.php(361): CodeIgniter\CodeIgniter->handleRequest(null, Object(Config\Cache), false)
 5 FCPATH\index.php(79): CodeIgniter\CodeIgniter->run()
