ERROR - 2024-05-23 23:23:36 --> mysqli_sql_exception: Cannot delete or update a parent row: a foreign key constraint fails (`transporte`.`viajes_conductor`, CONSTRAINT `FK_viajes_conductor_vehiculos` FOREIGN KEY (`id_vehiculo`) REFERENCES `vehiculos` (`id`)) in C:\laragon\www\App_transports\system\Database\MySQLi\Connection.php:306
Stack trace:
#0 C:\laragon\www\App_transports\system\Database\MySQLi\Connection.php(306): mysqli->query('REPLACE INTO `v...', 0)
#1 C:\laragon\www\App_transports\system\Database\BaseConnection.php(693): CodeIgniter\Database\MySQLi\Connection->execute('REPLACE INTO `v...')
#2 C:\laragon\www\App_transports\system\Database\BaseConnection.php(607): CodeIgniter\Database\BaseConnection->simpleQuery('REPLACE INTO `v...')
#3 C:\laragon\www\App_transports\system\Database\BaseBuilder.php(2395): CodeIgniter\Database\BaseConnection->query('REPLACE INTO `v...', Array, false)
#4 C:\laragon\www\App_transports\app\Models\inicio\inicioModel.php(14): CodeIgniter\Database\BaseBuilder->replace(Array)
#5 C:\laragon\www\App_transports\app\Controllers\Home\Home.php(105): App\Models\inicio\inicioModel->insert_vehiculo(Array)
#6 C:\laragon\www\App_transports\system\CodeIgniter.php(943): App\Controllers\Home\Home->guardar_data_vehiculo()
#7 C:\laragon\www\App_transports\system\CodeIgniter.php(503): CodeIgniter\CodeIgniter->runController(Object(App\Controllers\Home\Home))
#8 C:\laragon\www\App_transports\system\CodeIgniter.php(361): CodeIgniter\CodeIgniter->handleRequest(NULL, Object(Config\Cache), false)
#9 C:\laragon\www\App_transports\public\index.php(79): CodeIgniter\CodeIgniter->run()
#10 {main}
CRITICAL - 2024-05-23 23:23:36 --> CodeIgniter\Database\Exceptions\DatabaseException: Cannot delete or update a parent row: a foreign key constraint fails (`transporte`.`viajes_conductor`, CONSTRAINT `FK_viajes_conductor_vehiculos` FOREIGN KEY (`id_vehiculo`) REFERENCES `vehiculos` (`id`))
in SYSTEMPATH\Database\BaseConnection.php on line 647.
 1 SYSTEMPATH\Database\BaseBuilder.php(2395): CodeIgniter\Database\BaseConnection->query('REPLACE INTO `vehiculos` (`placa`, `tipo_vehiculo`, `modelo`, `color`, `descripcion`, `capacidad_pasajeros`, `fecha_vencimiento_soat`, `fecha_vencimiento_tecnomecanica`, `img_vehiculo`, `id_usuario`) VALUES (:placa:, :tipo_vehiculo:, :modelo:, :color:, :descripcion:, :capacidad_pasajeros:, :fecha_vencimiento_soat:, :fecha_vencimiento_tecnomecanica:, :img_vehiculo:, :id_usuario:)', [...], false)
 2 APPPATH\Models\inicio\inicioModel.php(14): CodeIgniter\Database\BaseBuilder->replace([...])
 3 APPPATH\Controllers\Home\Home.php(105): App\Models\inicio\inicioModel->insert_vehiculo([...])
 4 SYSTEMPATH\CodeIgniter.php(943): App\Controllers\Home\Home->guardar_data_vehiculo()
 5 SYSTEMPATH\CodeIgniter.php(503): CodeIgniter\CodeIgniter->runController(Object(App\Controllers\Home\Home))
 6 SYSTEMPATH\CodeIgniter.php(361): CodeIgniter\CodeIgniter->handleRequest(null, Object(Config\Cache), false)
 7 FCPATH\index.php(79): CodeIgniter\CodeIgniter->run()
CRITICAL - 2024-05-23 23:23:36 --> [Caused by] CodeIgniter\Database\Exceptions\DatabaseException: Cannot delete or update a parent row: a foreign key constraint fails (`transporte`.`viajes_conductor`, CONSTRAINT `FK_viajes_conductor_vehiculos` FOREIGN KEY (`id_vehiculo`) REFERENCES `vehiculos` (`id`))
in SYSTEMPATH\Database\MySQLi\Connection.php on line 311.
 1 SYSTEMPATH\Database\BaseConnection.php(693): CodeIgniter\Database\MySQLi\Connection->execute('REPLACE INTO `vehiculos` (`placa`, `tipo_vehiculo`, `modelo`, `color`, `descripcion`, `capacidad_pasajeros`, `fecha_vencimiento_soat`, `fecha_vencimiento_tecnomecanica`, `img_vehiculo`, `id_usuario`) VALUES (\'VAC14F\', \'carro\', \'XCV\', \'VERDE\', \'Prueba\', \'23\', \'2024-05-23\', \'2024-05-24\', \'img/ing_simulacion_Angela_Beltran_Ramirez.png\', \'21\')')
 2 SYSTEMPATH\Database\BaseConnection.php(607): CodeIgniter\Database\BaseConnection->simpleQuery('REPLACE INTO `vehiculos` (`placa`, `tipo_vehiculo`, `modelo`, `color`, `descripcion`, `capacidad_pasajeros`, `fecha_vencimiento_soat`, `fecha_vencimiento_tecnomecanica`, `img_vehiculo`, `id_usuario`) VALUES (\'VAC14F\', \'carro\', \'XCV\', \'VERDE\', \'Prueba\', \'23\', \'2024-05-23\', \'2024-05-24\', \'img/ing_simulacion_Angela_Beltran_Ramirez.png\', \'21\')')
 3 SYSTEMPATH\Database\BaseBuilder.php(2395): CodeIgniter\Database\BaseConnection->query('REPLACE INTO `vehiculos` (`placa`, `tipo_vehiculo`, `modelo`, `color`, `descripcion`, `capacidad_pasajeros`, `fecha_vencimiento_soat`, `fecha_vencimiento_tecnomecanica`, `img_vehiculo`, `id_usuario`) VALUES (:placa:, :tipo_vehiculo:, :modelo:, :color:, :descripcion:, :capacidad_pasajeros:, :fecha_vencimiento_soat:, :fecha_vencimiento_tecnomecanica:, :img_vehiculo:, :id_usuario:)', [...], false)
 4 APPPATH\Models\inicio\inicioModel.php(14): CodeIgniter\Database\BaseBuilder->replace([...])
 5 APPPATH\Controllers\Home\Home.php(105): App\Models\inicio\inicioModel->insert_vehiculo([...])
 6 SYSTEMPATH\CodeIgniter.php(943): App\Controllers\Home\Home->guardar_data_vehiculo()
 7 SYSTEMPATH\CodeIgniter.php(503): CodeIgniter\CodeIgniter->runController(Object(App\Controllers\Home\Home))
 8 SYSTEMPATH\CodeIgniter.php(361): CodeIgniter\CodeIgniter->handleRequest(null, Object(Config\Cache), false)
 9 FCPATH\index.php(79): CodeIgniter\CodeIgniter->run()
CRITICAL - 2024-05-23 23:23:36 --> [Caused by] mysqli_sql_exception: Cannot delete or update a parent row: a foreign key constraint fails (`transporte`.`viajes_conductor`, CONSTRAINT `FK_viajes_conductor_vehiculos` FOREIGN KEY (`id_vehiculo`) REFERENCES `vehiculos` (`id`))
in SYSTEMPATH\Database\MySQLi\Connection.php on line 306.
 1 SYSTEMPATH\Database\MySQLi\Connection.php(306): mysqli->query('REPLACE INTO `vehiculos` (`placa`, `tipo_vehiculo`, `modelo`, `color`, `descripcion`, `capacidad_pasajeros`, `fecha_vencimiento_soat`, `fecha_vencimiento_tecnomecanica`, `img_vehiculo`, `id_usuario`) VALUES (\'VAC14F\', \'carro\', \'XCV\', \'VERDE\', \'Prueba\', \'23\', \'2024-05-23\', \'2024-05-24\', \'img/ing_simulacion_Angela_Beltran_Ramirez.png\', \'21\')', 0)
 2 SYSTEMPATH\Database\BaseConnection.php(693): CodeIgniter\Database\MySQLi\Connection->execute('REPLACE INTO `vehiculos` (`placa`, `tipo_vehiculo`, `modelo`, `color`, `descripcion`, `capacidad_pasajeros`, `fecha_vencimiento_soat`, `fecha_vencimiento_tecnomecanica`, `img_vehiculo`, `id_usuario`) VALUES (\'VAC14F\', \'carro\', \'XCV\', \'VERDE\', \'Prueba\', \'23\', \'2024-05-23\', \'2024-05-24\', \'img/ing_simulacion_Angela_Beltran_Ramirez.png\', \'21\')')
 3 SYSTEMPATH\Database\BaseConnection.php(607): CodeIgniter\Database\BaseConnection->simpleQuery('REPLACE INTO `vehiculos` (`placa`, `tipo_vehiculo`, `modelo`, `color`, `descripcion`, `capacidad_pasajeros`, `fecha_vencimiento_soat`, `fecha_vencimiento_tecnomecanica`, `img_vehiculo`, `id_usuario`) VALUES (\'VAC14F\', \'carro\', \'XCV\', \'VERDE\', \'Prueba\', \'23\', \'2024-05-23\', \'2024-05-24\', \'img/ing_simulacion_Angela_Beltran_Ramirez.png\', \'21\')')
 4 SYSTEMPATH\Database\BaseBuilder.php(2395): CodeIgniter\Database\BaseConnection->query('REPLACE INTO `vehiculos` (`placa`, `tipo_vehiculo`, `modelo`, `color`, `descripcion`, `capacidad_pasajeros`, `fecha_vencimiento_soat`, `fecha_vencimiento_tecnomecanica`, `img_vehiculo`, `id_usuario`) VALUES (:placa:, :tipo_vehiculo:, :modelo:, :color:, :descripcion:, :capacidad_pasajeros:, :fecha_vencimiento_soat:, :fecha_vencimiento_tecnomecanica:, :img_vehiculo:, :id_usuario:)', [...], false)
 5 APPPATH\Models\inicio\inicioModel.php(14): CodeIgniter\Database\BaseBuilder->replace([...])
 6 APPPATH\Controllers\Home\Home.php(105): App\Models\inicio\inicioModel->insert_vehiculo([...])
 7 SYSTEMPATH\CodeIgniter.php(943): App\Controllers\Home\Home->guardar_data_vehiculo()
 8 SYSTEMPATH\CodeIgniter.php(503): CodeIgniter\CodeIgniter->runController(Object(App\Controllers\Home\Home))
 9 SYSTEMPATH\CodeIgniter.php(361): CodeIgniter\CodeIgniter->handleRequest(null, Object(Config\Cache), false)
10 FCPATH\index.php(79): CodeIgniter\CodeIgniter->run()
