CRITICAL - 2024-04-10 20:50:05 --> ErrorException: Undefined variable $title
in APPPATH\Views\layouts\main.php on line 12.
 1 APPPATH\Views\layouts\main.php(12): CodeIgniter\Debug\Exceptions->errorHandler(2, 'Undefined variable $title', 'C:\\laragon\\www\\App_transports\\app\\Views\\layouts\\main.php', 12)
 2 SYSTEMPATH\View\View.php(228): include('C:\\laragon\\www\\App_transports\\app\\Views\\layouts\\main.php')
 3 SYSTEMPATH\View\View.php(231): CodeIgniter\View\View->CodeIgniter\View\{closure}()
 4 SYSTEMPATH\View\View.php(244): CodeIgniter\View\View->render('layouts/main', [], true)
 5 SYSTEMPATH\Common.php(1178): CodeIgniter\View\View->render('welcome_message', [], true)
 6 APPPATH\Controllers\Home\Home.php(11): view('welcome_message')
 7 SYSTEMPATH\CodeIgniter.php(943): App\Controllers\Home\Home->index()
 8 SYSTEMPATH\CodeIgniter.php(503): CodeIgniter\CodeIgniter->runController(Object(App\Controllers\Home\Home))
 9 SYSTEMPATH\CodeIgniter.php(361): CodeIgniter\CodeIgniter->handleRequest(null, Object(Config\Cache), false)
10 FCPATH\index.php(79): CodeIgniter\CodeIgniter->run()
CRITICAL - 2024-04-10 20:50:19 --> ErrorException: Undefined variable $title
in APPPATH\Views\layouts\main.php on line 12.
 1 APPPATH\Views\layouts\main.php(12): CodeIgniter\Debug\Exceptions->errorHandler(2, 'Undefined variable $title', 'C:\\laragon\\www\\App_transports\\app\\Views\\layouts\\main.php', 12)
 2 SYSTEMPATH\View\View.php(228): include('C:\\laragon\\www\\App_transports\\app\\Views\\layouts\\main.php')
 3 SYSTEMPATH\View\View.php(231): CodeIgniter\View\View->CodeIgniter\View\{closure}()
 4 SYSTEMPATH\View\View.php(244): CodeIgniter\View\View->render('layouts/main.php', [], true)
 5 SYSTEMPATH\Common.php(1178): CodeIgniter\View\View->render('welcome_message', [], true)
 6 APPPATH\Controllers\Home\Home.php(11): view('welcome_message')
 7 SYSTEMPATH\CodeIgniter.php(943): App\Controllers\Home\Home->index()
 8 SYSTEMPATH\CodeIgniter.php(503): CodeIgniter\CodeIgniter->runController(Object(App\Controllers\Home\Home))
 9 SYSTEMPATH\CodeIgniter.php(361): CodeIgniter\CodeIgniter->handleRequest(null, Object(Config\Cache), false)
10 FCPATH\index.php(79): CodeIgniter\CodeIgniter->run()
CRITICAL - 2024-04-10 20:50:37 --> ErrorException: Undefined variable $title
in APPPATH\Views\layouts\main.php on line 12.
 1 APPPATH\Views\layouts\main.php(12): CodeIgniter\Debug\Exceptions->errorHandler(2, 'Undefined variable $title', 'C:\\laragon\\www\\App_transports\\app\\Views\\layouts\\main.php', 12)
 2 SYSTEMPATH\View\View.php(228): include('C:\\laragon\\www\\App_transports\\app\\Views\\layouts\\main.php')
 3 SYSTEMPATH\View\View.php(231): CodeIgniter\View\View->CodeIgniter\View\{closure}()
 4 SYSTEMPATH\View\View.php(244): CodeIgniter\View\View->render('layouts/main.php', [], true)
 5 SYSTEMPATH\Common.php(1178): CodeIgniter\View\View->render('welcome_message', [], true)
 6 APPPATH\Controllers\Home\Home.php(11): view('welcome_message')
 7 SYSTEMPATH\CodeIgniter.php(943): App\Controllers\Home\Home->index()
 8 SYSTEMPATH\CodeIgniter.php(503): CodeIgniter\CodeIgniter->runController(Object(App\Controllers\Home\Home))
 9 SYSTEMPATH\CodeIgniter.php(361): CodeIgniter\CodeIgniter->handleRequest(null, Object(Config\Cache), false)
10 FCPATH\index.php(79): CodeIgniter\CodeIgniter->run()
CRITICAL - 2024-04-10 20:50:45 --> ErrorException: Undefined variable $title
in APPPATH\Views\layouts\main.php on line 12.
 1 APPPATH\Views\layouts\main.php(12): CodeIgniter\Debug\Exceptions->errorHandler(2, 'Undefined variable $title', 'C:\\laragon\\www\\App_transports\\app\\Views\\layouts\\main.php', 12)
 2 SYSTEMPATH\View\View.php(228): include('C:\\laragon\\www\\App_transports\\app\\Views\\layouts\\main.php')
 3 SYSTEMPATH\View\View.php(231): CodeIgniter\View\View->CodeIgniter\View\{closure}()
 4 SYSTEMPATH\View\View.php(244): CodeIgniter\View\View->render('layouts/main.php', [], true)
 5 SYSTEMPATH\Common.php(1178): CodeIgniter\View\View->render('welcome_message', [], true)
 6 APPPATH\Controllers\Home\Home.php(11): view('welcome_message')
 7 SYSTEMPATH\CodeIgniter.php(943): App\Controllers\Home\Home->index()
 8 SYSTEMPATH\CodeIgniter.php(503): CodeIgniter\CodeIgniter->runController(Object(App\Controllers\Home\Home))
 9 SYSTEMPATH\CodeIgniter.php(361): CodeIgniter\CodeIgniter->handleRequest(null, Object(Config\Cache), false)
10 FCPATH\index.php(79): CodeIgniter\CodeIgniter->run()
CRITICAL - 2024-04-10 20:52:05 --> ErrorException: Undefined variable $title
in APPPATH\Views\layouts\main.php on line 12.
 1 APPPATH\Views\layouts\main.php(12): CodeIgniter\Debug\Exceptions->errorHandler(2, 'Undefined variable $title', 'C:\\laragon\\www\\App_transports\\app\\Views\\layouts\\main.php', 12)
 2 SYSTEMPATH\View\View.php(228): include('C:\\laragon\\www\\App_transports\\app\\Views\\layouts\\main.php')
 3 SYSTEMPATH\View\View.php(231): CodeIgniter\View\View->CodeIgniter\View\{closure}()
 4 SYSTEMPATH\View\View.php(244): CodeIgniter\View\View->render('layouts/main.php', [], true)
 5 SYSTEMPATH\Common.php(1178): CodeIgniter\View\View->render('welcome_message', [], true)
 6 APPPATH\Controllers\Home\Home.php(11): view('welcome_message')
 7 SYSTEMPATH\CodeIgniter.php(943): App\Controllers\Home\Home->index()
 8 SYSTEMPATH\CodeIgniter.php(503): CodeIgniter\CodeIgniter->runController(Object(App\Controllers\Home\Home))
 9 SYSTEMPATH\CodeIgniter.php(361): CodeIgniter\CodeIgniter->handleRequest(null, Object(Config\Cache), false)
10 FCPATH\index.php(79): CodeIgniter\CodeIgniter->run()
CRITICAL - 2024-04-10 20:54:14 --> ErrorException: Undefined variable $title
in APPPATH\Views\layouts\main.php on line 12.
 1 APPPATH\Views\layouts\main.php(12): CodeIgniter\Debug\Exceptions->errorHandler(2, 'Undefined variable $title', 'C:\\laragon\\www\\App_transports\\app\\Views\\layouts\\main.php', 12)
 2 SYSTEMPATH\View\View.php(228): include('C:\\laragon\\www\\App_transports\\app\\Views\\layouts\\main.php')
 3 SYSTEMPATH\View\View.php(231): CodeIgniter\View\View->CodeIgniter\View\{closure}()
 4 SYSTEMPATH\View\View.php(244): CodeIgniter\View\View->render('layouts/main.php', [], true)
 5 SYSTEMPATH\Common.php(1178): CodeIgniter\View\View->render('welcome_message', [], true)
 6 APPPATH\Controllers\Home\Home.php(11): view('welcome_message')
 7 SYSTEMPATH\CodeIgniter.php(943): App\Controllers\Home\Home->index()
 8 SYSTEMPATH\CodeIgniter.php(503): CodeIgniter\CodeIgniter->runController(Object(App\Controllers\Home\Home))
 9 SYSTEMPATH\CodeIgniter.php(361): CodeIgniter\CodeIgniter->handleRequest(null, Object(Config\Cache), false)
10 FCPATH\index.php(79): CodeIgniter\CodeIgniter->run()
CRITICAL - 2024-04-10 20:56:38 --> ErrorException: Undefined variable $title
in APPPATH\Views\layouts\main.php on line 12.
 1 APPPATH\Views\layouts\main.php(12): CodeIgniter\Debug\Exceptions->errorHandler(2, 'Undefined variable $title', 'C:\\laragon\\www\\App_transports\\app\\Views\\layouts\\main.php', 12)
 2 SYSTEMPATH\View\View.php(228): include('C:\\laragon\\www\\App_transports\\app\\Views\\layouts\\main.php')
 3 SYSTEMPATH\View\View.php(231): CodeIgniter\View\View->CodeIgniter\View\{closure}()
 4 SYSTEMPATH\View\View.php(244): CodeIgniter\View\View->render('layouts/main.php', [], true)
 5 SYSTEMPATH\Common.php(1178): CodeIgniter\View\View->render('welcome_message', [], true)
 6 APPPATH\Controllers\Home\Home.php(11): view('welcome_message')
 7 SYSTEMPATH\CodeIgniter.php(943): App\Controllers\Home\Home->index()
 8 SYSTEMPATH\CodeIgniter.php(503): CodeIgniter\CodeIgniter->runController(Object(App\Controllers\Home\Home))
 9 SYSTEMPATH\CodeIgniter.php(361): CodeIgniter\CodeIgniter->handleRequest(null, Object(Config\Cache), false)
10 FCPATH\index.php(79): CodeIgniter\CodeIgniter->run()
CRITICAL - 2024-04-10 20:56:40 --> ErrorException: Undefined variable $title
in APPPATH\Views\layouts\main.php on line 12.
 1 APPPATH\Views\layouts\main.php(12): CodeIgniter\Debug\Exceptions->errorHandler(2, 'Undefined variable $title', 'C:\\laragon\\www\\App_transports\\app\\Views\\layouts\\main.php', 12)
 2 SYSTEMPATH\View\View.php(228): include('C:\\laragon\\www\\App_transports\\app\\Views\\layouts\\main.php')
 3 SYSTEMPATH\View\View.php(231): CodeIgniter\View\View->CodeIgniter\View\{closure}()
 4 SYSTEMPATH\View\View.php(244): CodeIgniter\View\View->render('layouts/main.php', [], true)
 5 SYSTEMPATH\Common.php(1178): CodeIgniter\View\View->render('welcome_message', [], true)
 6 APPPATH\Controllers\Home\Home.php(11): view('welcome_message')
 7 SYSTEMPATH\CodeIgniter.php(943): App\Controllers\Home\Home->index()
 8 SYSTEMPATH\CodeIgniter.php(503): CodeIgniter\CodeIgniter->runController(Object(App\Controllers\Home\Home))
 9 SYSTEMPATH\CodeIgniter.php(361): CodeIgniter\CodeIgniter->handleRequest(null, Object(Config\Cache), false)
10 FCPATH\index.php(79): CodeIgniter\CodeIgniter->run()
CRITICAL - 2024-04-10 20:58:45 --> ErrorException: Undefined variable $title
in APPPATH\Views\layouts\main.php on line 12.
 1 APPPATH\Views\layouts\main.php(12): CodeIgniter\Debug\Exceptions->errorHandler(2, 'Undefined variable $title', 'C:\\laragon\\www\\App_transports\\app\\Views\\layouts\\main.php', 12)
 2 SYSTEMPATH\View\View.php(228): include('C:\\laragon\\www\\App_transports\\app\\Views\\layouts\\main.php')
 3 SYSTEMPATH\View\View.php(231): CodeIgniter\View\View->CodeIgniter\View\{closure}()
 4 SYSTEMPATH\View\View.php(244): CodeIgniter\View\View->render('layouts/main.php', [], true)
 5 SYSTEMPATH\Common.php(1178): CodeIgniter\View\View->render('welcome_message', [], true)
 6 APPPATH\Controllers\Home\Home.php(11): view('welcome_message')
 7 SYSTEMPATH\CodeIgniter.php(943): App\Controllers\Home\Home->index()
 8 SYSTEMPATH\CodeIgniter.php(503): CodeIgniter\CodeIgniter->runController(Object(App\Controllers\Home\Home))
 9 SYSTEMPATH\CodeIgniter.php(361): CodeIgniter\CodeIgniter->handleRequest(null, Object(Config\Cache), false)
10 FCPATH\index.php(79): CodeIgniter\CodeIgniter->run()
CRITICAL - 2024-04-10 21:00:19 --> ErrorException: Undefined variable $title
in APPPATH\Views\layouts\main.php on line 12.
 1 APPPATH\Views\layouts\main.php(12): CodeIgniter\Debug\Exceptions->errorHandler(2, 'Undefined variable $title', 'C:\\laragon\\www\\App_transports\\app\\Views\\layouts\\main.php', 12)
 2 SYSTEMPATH\View\View.php(228): include('C:\\laragon\\www\\App_transports\\app\\Views\\layouts\\main.php')
 3 SYSTEMPATH\View\View.php(231): CodeIgniter\View\View->CodeIgniter\View\{closure}()
 4 SYSTEMPATH\View\View.php(244): CodeIgniter\View\View->render('layouts/main', [], true)
 5 SYSTEMPATH\Common.php(1178): CodeIgniter\View\View->render('welcome_message', [], true)
 6 APPPATH\Controllers\Home\Home.php(11): view('welcome_message')
 7 SYSTEMPATH\CodeIgniter.php(943): App\Controllers\Home\Home->index()
 8 SYSTEMPATH\CodeIgniter.php(503): CodeIgniter\CodeIgniter->runController(Object(App\Controllers\Home\Home))
 9 SYSTEMPATH\CodeIgniter.php(361): CodeIgniter\CodeIgniter->handleRequest(null, Object(Config\Cache), false)
10 FCPATH\index.php(79): CodeIgniter\CodeIgniter->run()
CRITICAL - 2024-04-10 21:01:11 --> ErrorException: Undefined variable $title
in APPPATH\Views\layouts\main.php on line 12.
 1 APPPATH\Views\layouts\main.php(12): CodeIgniter\Debug\Exceptions->errorHandler(2, 'Undefined variable $title', 'C:\\laragon\\www\\App_transports\\app\\Views\\layouts\\main.php', 12)
 2 SYSTEMPATH\View\View.php(228): include('C:\\laragon\\www\\App_transports\\app\\Views\\layouts\\main.php')
 3 SYSTEMPATH\View\View.php(231): CodeIgniter\View\View->CodeIgniter\View\{closure}()
 4 SYSTEMPATH\View\View.php(244): CodeIgniter\View\View->render('layouts/main.php', [], true)
 5 SYSTEMPATH\Common.php(1178): CodeIgniter\View\View->render('welcome_message', [], true)
 6 APPPATH\Controllers\Home\Home.php(11): view('welcome_message')
 7 SYSTEMPATH\CodeIgniter.php(943): App\Controllers\Home\Home->index()
 8 SYSTEMPATH\CodeIgniter.php(503): CodeIgniter\CodeIgniter->runController(Object(App\Controllers\Home\Home))
 9 SYSTEMPATH\CodeIgniter.php(361): CodeIgniter\CodeIgniter->handleRequest(null, Object(Config\Cache), false)
10 FCPATH\index.php(79): CodeIgniter\CodeIgniter->run()
CRITICAL - 2024-04-10 21:02:32 --> ErrorException: Undefined variable $title
in APPPATH\Views\layouts\main.php on line 12.
 1 APPPATH\Views\layouts\main.php(12): CodeIgniter\Debug\Exceptions->errorHandler(2, 'Undefined variable $title', 'C:\\laragon\\www\\App_transports\\app\\Views\\layouts\\main.php', 12)
 2 SYSTEMPATH\View\View.php(228): include('C:\\laragon\\www\\App_transports\\app\\Views\\layouts\\main.php')
 3 SYSTEMPATH\View\View.php(231): CodeIgniter\View\View->CodeIgniter\View\{closure}()
 4 SYSTEMPATH\View\View.php(244): CodeIgniter\View\View->render('layouts/main.php', [], true)
 5 SYSTEMPATH\Common.php(1178): CodeIgniter\View\View->render('welcome_message', [], true)
 6 APPPATH\Controllers\Home\Home.php(11): view('welcome_message')
 7 SYSTEMPATH\CodeIgniter.php(943): App\Controllers\Home\Home->index()
 8 SYSTEMPATH\CodeIgniter.php(503): CodeIgniter\CodeIgniter->runController(Object(App\Controllers\Home\Home))
 9 SYSTEMPATH\CodeIgniter.php(361): CodeIgniter\CodeIgniter->handleRequest(null, Object(Config\Cache), false)
10 FCPATH\index.php(79): CodeIgniter\CodeIgniter->run()
CRITICAL - 2024-04-10 21:03:25 --> ErrorException: Undefined variable $title
in APPPATH\Views\layouts\main.php on line 4.
 1 APPPATH\Views\layouts\main.php(4): CodeIgniter\Debug\Exceptions->errorHandler(2, 'Undefined variable $title', 'C:\\laragon\\www\\App_transports\\app\\Views\\layouts\\main.php', 4)
 2 SYSTEMPATH\View\View.php(228): include('C:\\laragon\\www\\App_transports\\app\\Views\\layouts\\main.php')
 3 SYSTEMPATH\View\View.php(231): CodeIgniter\View\View->CodeIgniter\View\{closure}()
 4 SYSTEMPATH\View\View.php(244): CodeIgniter\View\View->render('layouts/main.php', [], true)
 5 SYSTEMPATH\Common.php(1178): CodeIgniter\View\View->render('welcome_message', [], true)
 6 APPPATH\Controllers\Home\Home.php(11): view('welcome_message')
 7 SYSTEMPATH\CodeIgniter.php(943): App\Controllers\Home\Home->index()
 8 SYSTEMPATH\CodeIgniter.php(503): CodeIgniter\CodeIgniter->runController(Object(App\Controllers\Home\Home))
 9 SYSTEMPATH\CodeIgniter.php(361): CodeIgniter\CodeIgniter->handleRequest(null, Object(Config\Cache), false)
10 FCPATH\index.php(79): CodeIgniter\CodeIgniter->run()
CRITICAL - 2024-04-10 21:03:34 --> ErrorException: Undefined variable $title
in APPPATH\Views\layouts\main.php on line 4.
 1 APPPATH\Views\layouts\main.php(4): CodeIgniter\Debug\Exceptions->errorHandler(2, 'Undefined variable $title', 'C:\\laragon\\www\\App_transports\\app\\Views\\layouts\\main.php', 4)
 2 SYSTEMPATH\View\View.php(228): include('C:\\laragon\\www\\App_transports\\app\\Views\\layouts\\main.php')
 3 SYSTEMPATH\View\View.php(231): CodeIgniter\View\View->CodeIgniter\View\{closure}()
 4 SYSTEMPATH\View\View.php(244): CodeIgniter\View\View->render('layouts/main.php', [], true)
 5 SYSTEMPATH\Common.php(1178): CodeIgniter\View\View->render('welcome_message', [], true)
 6 APPPATH\Controllers\Home\Home.php(11): view('welcome_message')
 7 SYSTEMPATH\CodeIgniter.php(943): App\Controllers\Home\Home->index()
 8 SYSTEMPATH\CodeIgniter.php(503): CodeIgniter\CodeIgniter->runController(Object(App\Controllers\Home\Home))
 9 SYSTEMPATH\CodeIgniter.php(361): CodeIgniter\CodeIgniter->handleRequest(null, Object(Config\Cache), false)
10 FCPATH\index.php(79): CodeIgniter\CodeIgniter->run()
